<?xml version="1.0" encoding="UTF-8"?>
<coverage generated="1642662289407" clover="3.2.0">
  <project timestamp="1642662289407" name="All files">
    <metrics statements="6" coveredstatements="6" conditionals="0" coveredconditionals="0" methods="3" coveredmethods="3" elements="9" coveredelements="9" complexity="0" loc="6" ncloc="6" packages="1" files="2" classes="2"/>
    <file name="addtodo.js" path="C:\Users\mwaps\Desktop\module2\jest\To-Do-List\src\modules\addtodo.js">
      <metrics statements="3" coveredstatements="3" conditionals="0" coveredconditionals="0" methods="1" coveredmethods="1"/>
      <line num="1" count="1" type="stmt"/>
      <line num="2" count="4" type="stmt"/>
      <line num="9" count="1" type="stmt"/>
    </file>
    <file name="remove.js" path="C:\Users\mwaps\Desktop\module2\jest\To-Do-List\src\modules\remove.js">
      <metrics statements="3" coveredstatements="3" conditionals="0" coveredconditionals="0" methods="2" coveredmethods="2"/>
      <line num="1" count="1" type="stmt"/>
      <line num="2" count="1" type="stmt"/>
      <line num="5" count="1" type="stmt"/>
    </file>
  </project>
</coverage>
